2021-07-02 16:26:02,290 logger.py[line:50] INFO Open url: https://www.nhtest.com/en/customer/account/login
2021-07-02 16:26:02,406 logger.py[line:50] INFO Maximize the current window.
2021-07-02 16:26:02,885 logger.py[line:50] INFO Had take screenshot and save to folder : \screenshots
2021-07-02 16:26:02,886 logger.py[line:50] INFO Set implicitly wait 10 seconds.
2021-07-02 16:26:05,897 logger.py[line:50] INFO Had find the element //*[@id="email"] successful 
2021-07-02 16:26:06,126 logger.py[line:50] INFO Had take screenshot and save to folder : \screenshots
2021-07-02 16:26:06,128 logger.py[line:50] INFO Had type ' 2770488802@qq.com ' in inputBox
2021-07-02 16:26:09,135 logger.py[line:50] INFO Had find the element //*[@id="password"] successful 
2021-07-02 16:26:09,353 logger.py[line:50] INFO Had take screenshot and save to folder : \screenshots
2021-07-02 16:26:09,353 logger.py[line:50] INFO Had type ' 123456 ' in inputBox
2021-07-02 16:26:12,499 logger.py[line:50] INFO Had take screenshot and save to folder : \screenshots
2021-07-02 16:26:12,507 logger.py[line:50] INFO Had find the element //*[@id="saveButton"] successful 
2021-07-02 16:26:17,692 logger.py[line:50] INFO The element xpath=>//*[@id="saveButton"] was clicked.
2021-07-02 16:26:24,757 logger.py[line:50] INFO Closing and quit the browser.
2021-07-02 16:26:26,492 logger.py[line:50] INFO Open url: https://www.nhtest.com/en/customer
2021-07-02 16:26:26,606 logger.py[line:50] INFO Maximize the current window.
2021-07-02 16:26:26,846 logger.py[line:50] INFO Had take screenshot and save to folder : \screenshots
2021-07-02 16:26:26,846 logger.py[line:50] INFO Set implicitly wait 10 seconds.
2021-07-02 16:26:29,997 logger.py[line:50] INFO Had take screenshot and save to folder : \screenshots
2021-07-02 16:26:40,033 logger.py[line:53] ERROR NoSuchElementException: Message: no such element: Unable to locate element: {"method":"xpath","selector":"//*[@id="g-head"]/div/p/a"}
  (Session info: chrome=90.0.4430.212)

2021-07-02 16:26:40,183 logger.py[line:50] INFO Had take screenshot and save to folder : \screenshots
2021-07-02 16:26:42,318 logger.py[line:50] INFO Closing and quit the browser.
2021-07-02 16:26:44,103 logger.py[line:50] INFO Open url: https://www.nhtest.com/en/customer
2021-07-02 16:26:44,221 logger.py[line:50] INFO Maximize the current window.
2021-07-02 16:26:44,422 logger.py[line:50] INFO Had take screenshot and save to folder : \screenshots
2021-07-02 16:26:44,423 logger.py[line:50] INFO Set implicitly wait 10 seconds.
2021-07-02 16:26:47,591 logger.py[line:50] INFO Had take screenshot and save to folder : \screenshots
2021-07-02 16:26:57,629 logger.py[line:53] ERROR NoSuchElementException: Message: no such element: Unable to locate element: {"method":"xpath","selector":"//*[@id="g-head"]/div/p/a"}
  (Session info: chrome=90.0.4430.212)

2021-07-02 16:26:57,777 logger.py[line:50] INFO Had take screenshot and save to folder : \screenshots
2021-07-02 16:26:57,852 logger.py[line:50] INFO Closing and quit the browser.
2021-07-02 16:26:57,853 logger.py[line:50] INFO Now, Close and quit the browser.
