{
  "uid" : "9c6deb0ef3f17828",
  "name" : "test01[params0]",
  "fullName" : "testcase.test_case01.Test_BaiduSearch#test01",
  "historyId" : "e45bb6e2f90731b6e79db1fedb87cf82",
  "time" : {
    "start" : 1625133702669,
    "stop" : 1625133716603,
    "duration" : 13934
  },
  "description" : "\n        登录case用例\n        :param params:\n        :return:\n        ",
  "descriptionHtml" : "<pre><code>    登录case用例\n    :param params:\n    :return:\n</code></pre>\n",
  "status" : "broken",
  "statusMessage" : "selenium.common.exceptions.JavascriptException: Message: javascript error: arguments[0].scrollIntoView is not a function\n  (Session info: chrome=90.0.4430.212)",
  "statusTrace" : "self = <framework.base_page.BasePage object at 0x000001F312D88D68>\nselector = 'xpath=>/html/body/div[1]/div/div/a[1]'\n\n    def click(self, selector):\n    \n        self.get_windows_img('截图')\n        el = self.find_element(selector)\n        try:\n>           el.click()\nE           AttributeError: 'str' object has no attribute 'click'\n\n..\\framework\\base_page.py:260: AttributeError\n\nDuring handling of the above exception, another exception occurred:\n\nself = <testcase.test_case01.Test_BaiduSearch object at 0x000001F312DA25C0>\nparams = [['打开网页', 'open_browser', 'https://www.nhtest.com/en/customer/account/login'], ['点击登录', 'click', 'xpath=>/html/body/di...'], ['输入密码', 'send_keys', 'xpath=>//*[@id=\"password\"]', '123456\\n'], ['点击登录', 'click', 'xpath=>//*[@id=\"saveButton\"]']]\n\n    @pytest.mark.parametrize('params',list(Data_().data03(4)))\n    def test01(self,params):\n        '''\n        登录case用例\n        :param params:\n        :return:\n        '''\n    \n        params=params[0]['tital']\n        print(params)\n        for i in params:\n            if i!=None:\n                with allure.step(i[0]):\n                    func=getattr(self.driver,i[1])\n                    cases = [i for i in list(i[2:]) if i != '' and i !='\\n']\n                    print(cases)\n>                   func(*cases)\n\ntest_case01.py:197: \n_ _ _ _ _ _ _ _ _ _ _ _ _ _ _ _ _ _ _ _ _ _ _ _ _ _ _ _ _ _ _ _ _ _ _ _ _ _ _ _\n..\\framework\\base_page.py:265: in click\n    self.driver.execute_script('arguments[0].scrollIntoView();', el)\nE:\\Python\\Python37\\lib\\site-packages\\selenium\\webdriver\\remote\\webdriver.py:636: in execute_script\n    'args': converted_args})['value']\nE:\\Python\\Python37\\lib\\site-packages\\selenium\\webdriver\\remote\\webdriver.py:321: in execute\n    self.error_handler.check_response(response)\n_ _ _ _ _ _ _ _ _ _ _ _ _ _ _ _ _ _ _ _ _ _ _ _ _ _ _ _ _ _ _ _ _ _ _ _ _ _ _ _\n\nself = <selenium.webdriver.remote.errorhandler.ErrorHandler object at 0x000001F312201128>\nresponse = {'status': 500, 'value': '{\"value\":{\"error\":\"javascript error\",\"message\":\"javascript error: arguments[0].scrollIntoVie...\\n\\\\tRtlGetAppContainerNamedObjectPath [0x77508944+228]\\\\n\\\\tRtlGetAppContainerNamedObjectPath [0x77508914+180]\\\\n\"}}'}\n\n    def check_response(self, response):\n        \"\"\"\n        Checks that a JSON response from the WebDriver does not have an error.\n    \n        :Args:\n         - response - The JSON response from the WebDriver server as a dictionary\n           object.\n    \n        :Raises: If the response contains an error message.\n        \"\"\"\n        status = response.get('status', None)\n        if status is None or status == ErrorCode.SUCCESS:\n            return\n        value = None\n        message = response.get(\"message\", \"\")\n        screen = response.get(\"screen\", \"\")\n        stacktrace = None\n        if isinstance(status, int):\n            value_json = response.get('value', None)\n            if value_json and isinstance(value_json, basestring):\n                import json\n                try:\n                    value = json.loads(value_json)\n                    if len(value.keys()) == 1:\n                        value = value['value']\n                    status = value.get('error', None)\n                    if status is None:\n                        status = value[\"status\"]\n                        message = value[\"value\"]\n                        if not isinstance(message, basestring):\n                            value = message\n                            message = message.get('message')\n                    else:\n                        message = value.get('message', None)\n                except ValueError:\n                    pass\n    \n        exception_class = ErrorInResponseException\n        if status in ErrorCode.NO_SUCH_ELEMENT:\n            exception_class = NoSuchElementException\n        elif status in ErrorCode.NO_SUCH_FRAME:\n            exception_class = NoSuchFrameException\n        elif status in ErrorCode.NO_SUCH_WINDOW:\n            exception_class = NoSuchWindowException\n        elif status in ErrorCode.STALE_ELEMENT_REFERENCE:\n            exception_class = StaleElementReferenceException\n        elif status in ErrorCode.ELEMENT_NOT_VISIBLE:\n            exception_class = ElementNotVisibleException\n        elif status in ErrorCode.INVALID_ELEMENT_STATE:\n            exception_class = InvalidElementStateException\n        elif status in ErrorCode.INVALID_SELECTOR \\\n                or status in ErrorCode.INVALID_XPATH_SELECTOR \\\n                or status in ErrorCode.INVALID_XPATH_SELECTOR_RETURN_TYPER:\n            exception_class = InvalidSelectorException\n        elif status in ErrorCode.ELEMENT_IS_NOT_SELECTABLE:\n            exception_class = ElementNotSelectableException\n        elif status in ErrorCode.ELEMENT_NOT_INTERACTABLE:\n            exception_class = ElementNotInteractableException\n        elif status in ErrorCode.INVALID_COOKIE_DOMAIN:\n            exception_class = InvalidCookieDomainException\n        elif status in ErrorCode.UNABLE_TO_SET_COOKIE:\n            exception_class = UnableToSetCookieException\n        elif status in ErrorCode.TIMEOUT:\n            exception_class = TimeoutException\n        elif status in ErrorCode.SCRIPT_TIMEOUT:\n            exception_class = TimeoutException\n        elif status in ErrorCode.UNKNOWN_ERROR:\n            exception_class = WebDriverException\n        elif status in ErrorCode.UNEXPECTED_ALERT_OPEN:\n            exception_class = UnexpectedAlertPresentException\n        elif status in ErrorCode.NO_ALERT_OPEN:\n            exception_class = NoAlertPresentException\n        elif status in ErrorCode.IME_NOT_AVAILABLE:\n            exception_class = ImeNotAvailableException\n        elif status in ErrorCode.IME_ENGINE_ACTIVATION_FAILED:\n            exception_class = ImeActivationFailedException\n        elif status in ErrorCode.MOVE_TARGET_OUT_OF_BOUNDS:\n            exception_class = MoveTargetOutOfBoundsException\n        elif status in ErrorCode.JAVASCRIPT_ERROR:\n            exception_class = JavascriptException\n        elif status in ErrorCode.SESSION_NOT_CREATED:\n            exception_class = SessionNotCreatedException\n        elif status in ErrorCode.INVALID_ARGUMENT:\n            exception_class = InvalidArgumentException\n        elif status in ErrorCode.NO_SUCH_COOKIE:\n            exception_class = NoSuchCookieException\n        elif status in ErrorCode.UNABLE_TO_CAPTURE_SCREEN:\n            exception_class = ScreenshotException\n        elif status in ErrorCode.ELEMENT_CLICK_INTERCEPTED:\n            exception_class = ElementClickInterceptedException\n        elif status in ErrorCode.INSECURE_CERTIFICATE:\n            exception_class = InsecureCertificateException\n        elif status in ErrorCode.INVALID_COORDINATES:\n            exception_class = InvalidCoordinatesException\n        elif status in ErrorCode.INVALID_SESSION_ID:\n            exception_class = InvalidSessionIdException\n        elif status in ErrorCode.UNKNOWN_METHOD:\n            exception_class = UnknownMethodException\n        else:\n            exception_class = WebDriverException\n        if value == '' or value is None:\n            value = response['value']\n        if isinstance(value, basestring):\n            if exception_class == ErrorInResponseException:\n                raise exception_class(response, value)\n            raise exception_class(value)\n        if message == \"\" and 'message' in value:\n            message = value['message']\n    \n        screen = None\n        if 'screen' in value:\n            screen = value['screen']\n    \n        stacktrace = None\n        if 'stackTrace' in value and value['stackTrace']:\n            stacktrace = []\n            try:\n                for frame in value['stackTrace']:\n                    line = self._value_or_default(frame, 'lineNumber', '')\n                    file = self._value_or_default(frame, 'fileName', '<anonymous>')\n                    if line:\n                        file = \"%s:%s\" % (file, line)\n                    meth = self._value_or_default(frame, 'methodName', '<anonymous>')\n                    if 'className' in frame:\n                        meth = \"%s.%s\" % (frame['className'], meth)\n                    msg = \"    at %s (%s)\"\n                    msg = msg % (meth, file)\n                    stacktrace.append(msg)\n            except TypeError:\n                pass\n        if exception_class == ErrorInResponseException:\n            raise exception_class(response, message)\n        elif exception_class == UnexpectedAlertPresentException:\n            alert_text = None\n            if 'data' in value:\n                alert_text = value['data'].get('text')\n            elif 'alert' in value:\n                alert_text = value['alert'].get('text')\n            raise exception_class(message, screen, stacktrace, alert_text)\n>       raise exception_class(message, screen, stacktrace)\nE       selenium.common.exceptions.JavascriptException: Message: javascript error: arguments[0].scrollIntoView is not a function\nE         (Session info: chrome=90.0.4430.212)\n\nE:\\Python\\Python37\\lib\\site-packages\\selenium\\webdriver\\remote\\errorhandler.py:242: JavascriptException",
  "flaky" : false,
  "newFailed" : false,
  "beforeStages" : [ {
    "name" : "xunit_setup_class_fixture_Test_BaiduSearch",
    "time" : {
      "start" : 1625133701183,
      "stop" : 1625133702668,
      "duration" : 1485
    },
    "status" : "passed",
    "steps" : [ ],
    "attachments" : [ ],
    "parameters" : [ ],
    "hasContent" : false,
    "stepsCount" : 0,
    "shouldDisplayMessage" : false,
    "attachmentsCount" : 0
  } ],
  "testStage" : {
    "description" : "\n        登录case用例\n        :param params:\n        :return:\n        ",
    "status" : "broken",
    "statusMessage" : "selenium.common.exceptions.JavascriptException: Message: javascript error: arguments[0].scrollIntoView is not a function\n  (Session info: chrome=90.0.4430.212)",
    "statusTrace" : "self = <framework.base_page.BasePage object at 0x000001F312D88D68>\nselector = 'xpath=>/html/body/div[1]/div/div/a[1]'\n\n    def click(self, selector):\n    \n        self.get_windows_img('截图')\n        el = self.find_element(selector)\n        try:\n>           el.click()\nE           AttributeError: 'str' object has no attribute 'click'\n\n..\\framework\\base_page.py:260: AttributeError\n\nDuring handling of the above exception, another exception occurred:\n\nself = <testcase.test_case01.Test_BaiduSearch object at 0x000001F312DA25C0>\nparams = [['打开网页', 'open_browser', 'https://www.nhtest.com/en/customer/account/login'], ['点击登录', 'click', 'xpath=>/html/body/di...'], ['输入密码', 'send_keys', 'xpath=>//*[@id=\"password\"]', '123456\\n'], ['点击登录', 'click', 'xpath=>//*[@id=\"saveButton\"]']]\n\n    @pytest.mark.parametrize('params',list(Data_().data03(4)))\n    def test01(self,params):\n        '''\n        登录case用例\n        :param params:\n        :return:\n        '''\n    \n        params=params[0]['tital']\n        print(params)\n        for i in params:\n            if i!=None:\n                with allure.step(i[0]):\n                    func=getattr(self.driver,i[1])\n                    cases = [i for i in list(i[2:]) if i != '' and i !='\\n']\n                    print(cases)\n>                   func(*cases)\n\ntest_case01.py:197: \n_ _ _ _ _ _ _ _ _ _ _ _ _ _ _ _ _ _ _ _ _ _ _ _ _ _ _ _ _ _ _ _ _ _ _ _ _ _ _ _\n..\\framework\\base_page.py:265: in click\n    self.driver.execute_script('arguments[0].scrollIntoView();', el)\nE:\\Python\\Python37\\lib\\site-packages\\selenium\\webdriver\\remote\\webdriver.py:636: in execute_script\n    'args': converted_args})['value']\nE:\\Python\\Python37\\lib\\site-packages\\selenium\\webdriver\\remote\\webdriver.py:321: in execute\n    self.error_handler.check_response(response)\n_ _ _ _ _ _ _ _ _ _ _ _ _ _ _ _ _ _ _ _ _ _ _ _ _ _ _ _ _ _ _ _ _ _ _ _ _ _ _ _\n\nself = <selenium.webdriver.remote.errorhandler.ErrorHandler object at 0x000001F312201128>\nresponse = {'status': 500, 'value': '{\"value\":{\"error\":\"javascript error\",\"message\":\"javascript error: arguments[0].scrollIntoVie...\\n\\\\tRtlGetAppContainerNamedObjectPath [0x77508944+228]\\\\n\\\\tRtlGetAppContainerNamedObjectPath [0x77508914+180]\\\\n\"}}'}\n\n    def check_response(self, response):\n        \"\"\"\n        Checks that a JSON response from the WebDriver does not have an error.\n    \n        :Args:\n         - response - The JSON response from the WebDriver server as a dictionary\n           object.\n    \n        :Raises: If the response contains an error message.\n        \"\"\"\n        status = response.get('status', None)\n        if status is None or status == ErrorCode.SUCCESS:\n            return\n        value = None\n        message = response.get(\"message\", \"\")\n        screen = response.get(\"screen\", \"\")\n        stacktrace = None\n        if isinstance(status, int):\n            value_json = response.get('value', None)\n            if value_json and isinstance(value_json, basestring):\n                import json\n                try:\n                    value = json.loads(value_json)\n                    if len(value.keys()) == 1:\n                        value = value['value']\n                    status = value.get('error', None)\n                    if status is None:\n                        status = value[\"status\"]\n                        message = value[\"value\"]\n                        if not isinstance(message, basestring):\n                            value = message\n                            message = message.get('message')\n                    else:\n                        message = value.get('message', None)\n                except ValueError:\n                    pass\n    \n        exception_class = ErrorInResponseException\n        if status in ErrorCode.NO_SUCH_ELEMENT:\n            exception_class = NoSuchElementException\n        elif status in ErrorCode.NO_SUCH_FRAME:\n            exception_class = NoSuchFrameException\n        elif status in ErrorCode.NO_SUCH_WINDOW:\n            exception_class = NoSuchWindowException\n        elif status in ErrorCode.STALE_ELEMENT_REFERENCE:\n            exception_class = StaleElementReferenceException\n        elif status in ErrorCode.ELEMENT_NOT_VISIBLE:\n            exception_class = ElementNotVisibleException\n        elif status in ErrorCode.INVALID_ELEMENT_STATE:\n            exception_class = InvalidElementStateException\n        elif status in ErrorCode.INVALID_SELECTOR \\\n                or status in ErrorCode.INVALID_XPATH_SELECTOR \\\n                or status in ErrorCode.INVALID_XPATH_SELECTOR_RETURN_TYPER:\n            exception_class = InvalidSelectorException\n        elif status in ErrorCode.ELEMENT_IS_NOT_SELECTABLE:\n            exception_class = ElementNotSelectableException\n        elif status in ErrorCode.ELEMENT_NOT_INTERACTABLE:\n            exception_class = ElementNotInteractableException\n        elif status in ErrorCode.INVALID_COOKIE_DOMAIN:\n            exception_class = InvalidCookieDomainException\n        elif status in ErrorCode.UNABLE_TO_SET_COOKIE:\n            exception_class = UnableToSetCookieException\n        elif status in ErrorCode.TIMEOUT:\n            exception_class = TimeoutException\n        elif status in ErrorCode.SCRIPT_TIMEOUT:\n            exception_class = TimeoutException\n        elif status in ErrorCode.UNKNOWN_ERROR:\n            exception_class = WebDriverException\n        elif status in ErrorCode.UNEXPECTED_ALERT_OPEN:\n            exception_class = UnexpectedAlertPresentException\n        elif status in ErrorCode.NO_ALERT_OPEN:\n            exception_class = NoAlertPresentException\n        elif status in ErrorCode.IME_NOT_AVAILABLE:\n            exception_class = ImeNotAvailableException\n        elif status in ErrorCode.IME_ENGINE_ACTIVATION_FAILED:\n            exception_class = ImeActivationFailedException\n        elif status in ErrorCode.MOVE_TARGET_OUT_OF_BOUNDS:\n            exception_class = MoveTargetOutOfBoundsException\n        elif status in ErrorCode.JAVASCRIPT_ERROR:\n            exception_class = JavascriptException\n        elif status in ErrorCode.SESSION_NOT_CREATED:\n            exception_class = SessionNotCreatedException\n        elif status in ErrorCode.INVALID_ARGUMENT:\n            exception_class = InvalidArgumentException\n        elif status in ErrorCode.NO_SUCH_COOKIE:\n            exception_class = NoSuchCookieException\n        elif status in ErrorCode.UNABLE_TO_CAPTURE_SCREEN:\n            exception_class = ScreenshotException\n        elif status in ErrorCode.ELEMENT_CLICK_INTERCEPTED:\n            exception_class = ElementClickInterceptedException\n        elif status in ErrorCode.INSECURE_CERTIFICATE:\n            exception_class = InsecureCertificateException\n        elif status in ErrorCode.INVALID_COORDINATES:\n            exception_class = InvalidCoordinatesException\n        elif status in ErrorCode.INVALID_SESSION_ID:\n            exception_class = InvalidSessionIdException\n        elif status in ErrorCode.UNKNOWN_METHOD:\n            exception_class = UnknownMethodException\n        else:\n            exception_class = WebDriverException\n        if value == '' or value is None:\n            value = response['value']\n        if isinstance(value, basestring):\n            if exception_class == ErrorInResponseException:\n                raise exception_class(response, value)\n            raise exception_class(value)\n        if message == \"\" and 'message' in value:\n            message = value['message']\n    \n        screen = None\n        if 'screen' in value:\n            screen = value['screen']\n    \n        stacktrace = None\n        if 'stackTrace' in value and value['stackTrace']:\n            stacktrace = []\n            try:\n                for frame in value['stackTrace']:\n                    line = self._value_or_default(frame, 'lineNumber', '')\n                    file = self._value_or_default(frame, 'fileName', '<anonymous>')\n                    if line:\n                        file = \"%s:%s\" % (file, line)\n                    meth = self._value_or_default(frame, 'methodName', '<anonymous>')\n                    if 'className' in frame:\n                        meth = \"%s.%s\" % (frame['className'], meth)\n                    msg = \"    at %s (%s)\"\n                    msg = msg % (meth, file)\n                    stacktrace.append(msg)\n            except TypeError:\n                pass\n        if exception_class == ErrorInResponseException:\n            raise exception_class(response, message)\n        elif exception_class == UnexpectedAlertPresentException:\n            alert_text = None\n            if 'data' in value:\n                alert_text = value['data'].get('text')\n            elif 'alert' in value:\n                alert_text = value['alert'].get('text')\n            raise exception_class(message, screen, stacktrace, alert_text)\n>       raise exception_class(message, screen, stacktrace)\nE       selenium.common.exceptions.JavascriptException: Message: javascript error: arguments[0].scrollIntoView is not a function\nE         (Session info: chrome=90.0.4430.212)\n\nE:\\Python\\Python37\\lib\\site-packages\\selenium\\webdriver\\remote\\errorhandler.py:242: JavascriptException",
    "steps" : [ {
      "name" : "打开网页",
      "time" : {
        "start" : 1625133702669,
        "stop" : 1625133706280,
        "duration" : 3611
      },
      "status" : "passed",
      "steps" : [ ],
      "attachments" : [ {
        "uid" : "a418932a8926d0c",
        "name" : "截图",
        "source" : "a418932a8926d0c.png",
        "type" : "image/png",
        "size" : 231477
      } ],
      "parameters" : [ ],
      "hasContent" : true,
      "stepsCount" : 0,
      "shouldDisplayMessage" : false,
      "attachmentsCount" : 1
    }, {
      "name" : "点击登录",
      "time" : {
        "start" : 1625133706280,
        "stop" : 1625133716601,
        "duration" : 10321
      },
      "status" : "broken",
      "statusMessage" : "selenium.common.exceptions.JavascriptException: Message: javascript error: arguments[0].scrollIntoView is not a function\n  (Session info: chrome=90.0.4430.212)\n\n",
      "statusTrace" : "  File \"E:\\nh修正版\\nh\\testcase\\test_case01.py\", line 197, in test01\n    func(*cases)\n  File \"E:\\nh修正版\\nh\\framework\\base_page.py\", line 265, in click\n    self.driver.execute_script('arguments[0].scrollIntoView();', el)\n  File \"E:\\Python\\Python37\\lib\\site-packages\\selenium\\webdriver\\remote\\webdriver.py\", line 636, in execute_script\n    'args': converted_args})['value']\n  File \"E:\\Python\\Python37\\lib\\site-packages\\selenium\\webdriver\\remote\\webdriver.py\", line 321, in execute\n    self.error_handler.check_response(response)\n  File \"E:\\Python\\Python37\\lib\\site-packages\\selenium\\webdriver\\remote\\errorhandler.py\", line 242, in check_response\n    raise exception_class(message, screen, stacktrace)\n",
      "steps" : [ ],
      "attachments" : [ {
        "uid" : "b0305618a91f1a97",
        "name" : "截图",
        "source" : "b0305618a91f1a97.png",
        "type" : "image/png",
        "size" : 231477
      }, {
        "uid" : "5338e55bdded33b2",
        "name" : "错误截图",
        "source" : "5338e55bdded33b2.png",
        "type" : "image/png",
        "size" : 231477
      } ],
      "parameters" : [ ],
      "hasContent" : true,
      "stepsCount" : 0,
      "shouldDisplayMessage" : true,
      "attachmentsCount" : 2
    } ],
    "attachments" : [ {
      "uid" : "7a7410b8b26b43ed",
      "name" : "log",
      "source" : "7a7410b8b26b43ed.txt",
      "type" : "text/plain",
      "size" : 709
    } ],
    "parameters" : [ ],
    "hasContent" : true,
    "stepsCount" : 2,
    "shouldDisplayMessage" : true,
    "attachmentsCount" : 4
  },
  "afterStages" : [ {
    "name" : "xunit_setup_class_fixture_Test_BaiduSearch::0",
    "time" : {
      "start" : 1625133718792,
      "stop" : 1625133718792,
      "duration" : 0
    },
    "status" : "passed",
    "steps" : [ ],
    "attachments" : [ ],
    "parameters" : [ ],
    "hasContent" : false,
    "stepsCount" : 0,
    "shouldDisplayMessage" : false,
    "attachmentsCount" : 0
  } ],
  "labels" : [ {
    "name" : "epic",
    "value" : "项目名称: 旎浩"
  }, {
    "name" : "feature",
    "value" : "登录模块"
  }, {
    "name" : "parentSuite",
    "value" : "testcase"
  }, {
    "name" : "suite",
    "value" : "test_case01"
  }, {
    "name" : "subSuite",
    "value" : "Test_BaiduSearch"
  }, {
    "name" : "host",
    "value" : "DESKTOP-T311BD1"
  }, {
    "name" : "thread",
    "value" : "34576-MainThread"
  }, {
    "name" : "framework",
    "value" : "pytest"
  }, {
    "name" : "language",
    "value" : "cpython3"
  }, {
    "name" : "package",
    "value" : "testcase.test_case01"
  }, {
    "name" : "resultFormat",
    "value" : "allure2"
  } ],
  "parameters" : [ {
    "name" : "params",
    "value" : "[{'tital': [['打开网页', 'open_browser', 'https://www.nhtest.com/en/customer/account/login'], ['点击登录', 'click', 'xpath=>/html/body/div[1]/div/div/a[1]'], ['输入账号', 'send_keys', 'xpath=>//*[@id=\"email\"]', '2770488802@qq.com\\n'], ['输入密码', 'send_keys', 'xpath=>//*[@id=\"password\"]', '123456\\n'], ['点击登录', 'click', 'xpath=>//*[@id=\"saveButton\"]']]}]"
  } ],
  "links" : [ ],
  "hidden" : false,
  "retry" : false,
  "extra" : {
    "severity" : "normal",
    "retries" : [ ],
    "categories" : [ {
      "name" : "Test defects",
      "matchedStatuses" : [ ],
      "flaky" : false
    } ],
    "tags" : [ ]
  },
  "source" : "9c6deb0ef3f17828.json",
  "parameterValues" : [ "[{'tital': [['打开网页', 'open_browser', 'https://www.nhtest.com/en/customer/account/login'], ['点击登录', 'click', 'xpath=>/html/body/div[1]/div/div/a[1]'], ['输入账号', 'send_keys', 'xpath=>//*[@id=\"email\"]', '2770488802@qq.com\\n'], ['输入密码', 'send_keys', 'xpath=>//*[@id=\"password\"]', '123456\\n'], ['点击登录', 'click', 'xpath=>//*[@id=\"saveButton\"]']]}]" ]
}